<?xml version="1.0" encoding="UTF-8"?>
<robot generator="Robot 4.1.2 (Python 3.8.5 on win32)" generated="20211213 20:11:22.523" rpa="false" schemaversion="2">
<suite id="s1" name="Tests" source="C:\Users\User\Documents\RobotFramework\stsweng-selenium-robot-practice\tests">
<suite id="s1-s1" name="Invalid Login" source="C:\Users\User\Documents\RobotFramework\stsweng-selenium-robot-practice\tests\invalid_login.robot">
<kw name="Open Browser To Login Page" library="resource" type="SETUP">
<kw name="Open Browser" library="SeleniumLibrary">
<arg>${LOGIN URL}</arg>
<arg>${BROWSER}</arg>
<doc>Opens a new browser instance to the optional ``url``.</doc>
<msg timestamp="20211213 20:11:22.958" level="INFO">Opening browser 'Chrome' to base url 'https://www.saucedemo.com/'.</msg>
<status status="PASS" starttime="20211213 20:11:22.957" endtime="20211213 20:11:25.974"/>
</kw>
<kw name="Maximize Browser Window" library="SeleniumLibrary">
<doc>Maximizes current browser window.</doc>
<status status="PASS" starttime="20211213 20:11:25.974" endtime="20211213 20:11:26.109"/>
</kw>
<kw name="Set Selenium Speed" library="SeleniumLibrary">
<arg>${DELAY}</arg>
<doc>Sets the delay that is waited after each Selenium command.</doc>
<status status="PASS" starttime="20211213 20:11:26.109" endtime="20211213 20:11:26.110"/>
</kw>
<kw name="Login Page Should Be Open" library="resource">
<kw name="Location Should Be" library="SeleniumLibrary">
<arg>${LOGIN URL}</arg>
<doc>Verifies that the current URL is exactly ``url``.</doc>
<msg timestamp="20211213 20:11:26.139" level="INFO">Current location is 'https://www.saucedemo.com/'.</msg>
<status status="PASS" starttime="20211213 20:11:26.110" endtime="20211213 20:11:26.139"/>
</kw>
<status status="PASS" starttime="20211213 20:11:26.110" endtime="20211213 20:11:26.140"/>
</kw>
<status status="PASS" starttime="20211213 20:11:22.957" endtime="20211213 20:11:26.140"/>
</kw>
<test id="s1-s1-t1" name="Invalid Credentials">
<kw name="Go To Login Page" library="resource" type="SETUP">
<kw name="Go To" library="SeleniumLibrary">
<arg>${LOGIN URL}</arg>
<doc>Navigates the current browser window to the provided ``url``.</doc>
<msg timestamp="20211213 20:11:26.145" level="INFO">Opening url 'https://www.saucedemo.com/'</msg>
<status status="PASS" starttime="20211213 20:11:26.145" endtime="20211213 20:11:26.327"/>
</kw>
<kw name="Login Page Should Be Open" library="resource">
<kw name="Location Should Be" library="SeleniumLibrary">
<arg>${LOGIN URL}</arg>
<doc>Verifies that the current URL is exactly ``url``.</doc>
<msg timestamp="20211213 20:11:26.352" level="INFO">Current location is 'https://www.saucedemo.com/'.</msg>
<status status="PASS" starttime="20211213 20:11:26.328" endtime="20211213 20:11:26.352"/>
</kw>
<status status="PASS" starttime="20211213 20:11:26.327" endtime="20211213 20:11:26.353"/>
</kw>
<status status="PASS" starttime="20211213 20:11:26.143" endtime="20211213 20:11:26.353"/>
</kw>
<kw name="Login With Invalid Credentials Should Fail">
<arg>standard_user</arg>
<arg>secret_salsa</arg>
<kw name="Input Username" library="resource">
<arg>${username}</arg>
<kw name="Input Text" library="SeleniumLibrary">
<arg>user-name</arg>
<arg>${username}</arg>
<doc>Types the given ``text`` into the text field identified by ``locator``.</doc>
<msg timestamp="20211213 20:11:26.356" level="INFO">Typing text 'standard_user' into text field 'user-name'.</msg>
<status status="PASS" starttime="20211213 20:11:26.356" endtime="20211213 20:11:26.556"/>
</kw>
<status status="PASS" starttime="20211213 20:11:26.355" endtime="20211213 20:11:26.556"/>
</kw>
<kw name="Input Password" library="resource">
<arg>${password}</arg>
<kw name="Input Text" library="SeleniumLibrary">
<arg>password</arg>
<arg>${password}</arg>
<doc>Types the given ``text`` into the text field identified by ``locator``.</doc>
<msg timestamp="20211213 20:11:26.558" level="INFO">Typing text 'secret_salsa' into text field 'password'.</msg>
<status status="PASS" starttime="20211213 20:11:26.557" endtime="20211213 20:11:26.729"/>
</kw>
<status status="PASS" starttime="20211213 20:11:26.556" endtime="20211213 20:11:26.730"/>
</kw>
<kw name="Submit Credentials" library="resource">
<kw name="Click Button" library="SeleniumLibrary">
<arg>login-button</arg>
<doc>Clicks the button identified by ``locator``.</doc>
<msg timestamp="20211213 20:11:26.731" level="INFO">Clicking button 'login-button'.</msg>
<status status="PASS" starttime="20211213 20:11:26.730" endtime="20211213 20:11:26.852"/>
</kw>
<status status="PASS" starttime="20211213 20:11:26.730" endtime="20211213 20:11:26.853"/>
</kw>
<kw name="Error Message Is Displayed">
<kw name="Page Should Contain Element" library="SeleniumLibrary">
<arg>${ERROR}</arg>
<doc>Verifies that element ``locator`` is found on the current page.</doc>
<msg timestamp="20211213 20:11:26.877" level="INFO">Current page contains element 'css:*[data-test="error"]'.</msg>
<status status="PASS" starttime="20211213 20:11:26.854" endtime="20211213 20:11:26.877"/>
</kw>
<kw name="Element Text Should Be" library="SeleniumLibrary">
<arg>${ERROR}</arg>
<arg>${ERROR_MSG}</arg>
<doc>Verifies that element ``locator`` contains exact the text ``expected``.</doc>
<msg timestamp="20211213 20:11:26.878" level="INFO">Verifying element 'css:*[data-test="error"]' contains exact text 'Epic sadface: Username and password do not match any user in this service'.</msg>
<status status="PASS" starttime="20211213 20:11:26.877" endtime="20211213 20:11:26.922"/>
</kw>
<status status="PASS" starttime="20211213 20:11:26.853" endtime="20211213 20:11:26.922"/>
</kw>
<kw name="Error Icons Are Displayed">
<kw name="Page Should Contain Element" library="SeleniumLibrary">
<arg>${ERROR_ICON1}</arg>
<doc>Verifies that element ``locator`` is found on the current page.</doc>
<msg timestamp="20211213 20:11:26.944" level="INFO">Current page contains element 'css:.form_group:nth-child(1) &gt; .svg-inline--fa'.</msg>
<status status="PASS" starttime="20211213 20:11:26.923" endtime="20211213 20:11:26.944"/>
</kw>
<kw name="Page Should Contain Element" library="SeleniumLibrary">
<arg>${ERROR_ICON2}</arg>
<doc>Verifies that element ``locator`` is found on the current page.</doc>
<msg timestamp="20211213 20:11:26.964" level="INFO">Current page contains element 'css:.form_group:nth-child(2) &gt; .svg-inline--fa'.</msg>
<status status="PASS" starttime="20211213 20:11:26.944" endtime="20211213 20:11:26.964"/>
</kw>
<status status="PASS" starttime="20211213 20:11:26.922" endtime="20211213 20:11:26.965"/>
</kw>
<status status="PASS" starttime="20211213 20:11:26.354" endtime="20211213 20:11:26.965"/>
</kw>
<status status="PASS" starttime="20211213 20:11:26.141" endtime="20211213 20:11:26.966"/>
</test>
<kw name="Close Browser" library="SeleniumLibrary" type="TEARDOWN">
<doc>Closes the current browser.</doc>
<status status="PASS" starttime="20211213 20:11:26.969" endtime="20211213 20:11:29.243"/>
</kw>
<status status="PASS" starttime="20211213 20:11:22.572" endtime="20211213 20:11:29.243"/>
</suite>
<suite id="s1-s2" name="Locked Out User" source="C:\Users\User\Documents\RobotFramework\stsweng-selenium-robot-practice\tests\locked_out_user.robot">
<kw name="Open Browser To Login Page" library="resource" type="SETUP">
<kw name="Open Browser" library="SeleniumLibrary">
<arg>${LOGIN URL}</arg>
<arg>${BROWSER}</arg>
<doc>Opens a new browser instance to the optional ``url``.</doc>
<msg timestamp="20211213 20:11:29.256" level="INFO">Opening browser 'Chrome' to base url 'https://www.saucedemo.com/'.</msg>
<status status="PASS" starttime="20211213 20:11:29.256" endtime="20211213 20:11:32.193"/>
</kw>
<kw name="Maximize Browser Window" library="SeleniumLibrary">
<doc>Maximizes current browser window.</doc>
<status status="PASS" starttime="20211213 20:11:32.193" endtime="20211213 20:11:32.321"/>
</kw>
<kw name="Set Selenium Speed" library="SeleniumLibrary">
<arg>${DELAY}</arg>
<doc>Sets the delay that is waited after each Selenium command.</doc>
<status status="PASS" starttime="20211213 20:11:32.321" endtime="20211213 20:11:32.322"/>
</kw>
<kw name="Login Page Should Be Open" library="resource">
<kw name="Location Should Be" library="SeleniumLibrary">
<arg>${LOGIN URL}</arg>
<doc>Verifies that the current URL is exactly ``url``.</doc>
<msg timestamp="20211213 20:11:32.346" level="INFO">Current location is 'https://www.saucedemo.com/'.</msg>
<status status="PASS" starttime="20211213 20:11:32.323" endtime="20211213 20:11:32.346"/>
</kw>
<status status="PASS" starttime="20211213 20:11:32.322" endtime="20211213 20:11:32.346"/>
</kw>
<status status="PASS" starttime="20211213 20:11:29.255" endtime="20211213 20:11:32.347"/>
</kw>
<test id="s1-s2-t1" name="Locked Out User">
<kw name="Go To Login Page" library="resource" type="SETUP">
<kw name="Go To" library="SeleniumLibrary">
<arg>${LOGIN URL}</arg>
<doc>Navigates the current browser window to the provided ``url``.</doc>
<msg timestamp="20211213 20:11:32.352" level="INFO">Opening url 'https://www.saucedemo.com/'</msg>
<status status="PASS" starttime="20211213 20:11:32.351" endtime="20211213 20:11:32.549"/>
</kw>
<kw name="Login Page Should Be Open" library="resource">
<kw name="Location Should Be" library="SeleniumLibrary">
<arg>${LOGIN URL}</arg>
<doc>Verifies that the current URL is exactly ``url``.</doc>
<msg timestamp="20211213 20:11:32.569" level="INFO">Current location is 'https://www.saucedemo.com/'.</msg>
<status status="PASS" starttime="20211213 20:11:32.550" endtime="20211213 20:11:32.570"/>
</kw>
<status status="PASS" starttime="20211213 20:11:32.549" endtime="20211213 20:11:32.570"/>
</kw>
<status status="PASS" starttime="20211213 20:11:32.349" endtime="20211213 20:11:32.571"/>
</kw>
<kw name="Login With Locked Out User Should Fail">
<arg>locked_out_user</arg>
<arg>secret_sauce</arg>
<kw name="Input Username" library="resource">
<arg>${username}</arg>
<kw name="Input Text" library="SeleniumLibrary">
<arg>user-name</arg>
<arg>${username}</arg>
<doc>Types the given ``text`` into the text field identified by ``locator``.</doc>
<msg timestamp="20211213 20:11:32.575" level="INFO">Typing text 'locked_out_user' into text field 'user-name'.</msg>
<status status="PASS" starttime="20211213 20:11:32.574" endtime="20211213 20:11:32.784"/>
</kw>
<status status="PASS" starttime="20211213 20:11:32.573" endtime="20211213 20:11:32.784"/>
</kw>
<kw name="Input Password" library="resource">
<arg>${password}</arg>
<kw name="Input Text" library="SeleniumLibrary">
<arg>password</arg>
<arg>${password}</arg>
<doc>Types the given ``text`` into the text field identified by ``locator``.</doc>
<msg timestamp="20211213 20:11:32.786" level="INFO">Typing text 'secret_sauce' into text field 'password'.</msg>
<status status="PASS" starttime="20211213 20:11:32.785" endtime="20211213 20:11:32.961"/>
</kw>
<status status="PASS" starttime="20211213 20:11:32.784" endtime="20211213 20:11:32.961"/>
</kw>
<kw name="Submit Credentials" library="resource">
<kw name="Click Button" library="SeleniumLibrary">
<arg>login-button</arg>
<doc>Clicks the button identified by ``locator``.</doc>
<msg timestamp="20211213 20:11:32.962" level="INFO">Clicking button 'login-button'.</msg>
<status status="PASS" starttime="20211213 20:11:32.962" endtime="20211213 20:11:33.089"/>
</kw>
<status status="PASS" starttime="20211213 20:11:32.961" endtime="20211213 20:11:33.089"/>
</kw>
<kw name="Error Message Is Displayed">
<kw name="Page Should Contain Element" library="SeleniumLibrary">
<arg>${ERROR}</arg>
<doc>Verifies that element ``locator`` is found on the current page.</doc>
<msg timestamp="20211213 20:11:33.112" level="INFO">Current page contains element 'css:*[data-test="error"]'.</msg>
<status status="PASS" starttime="20211213 20:11:33.090" endtime="20211213 20:11:33.112"/>
</kw>
<kw name="Element Text Should Be" library="SeleniumLibrary">
<arg>${ERROR}</arg>
<arg>${ERROR_MSG}</arg>
<doc>Verifies that element ``locator`` contains exact the text ``expected``.</doc>
<msg timestamp="20211213 20:11:33.113" level="INFO">Verifying element 'css:*[data-test="error"]' contains exact text 'Epic sadface: Sorry, this user has been locked out.'.</msg>
<status status="PASS" starttime="20211213 20:11:33.112" endtime="20211213 20:11:33.161"/>
</kw>
<status status="PASS" starttime="20211213 20:11:33.089" endtime="20211213 20:11:33.162"/>
</kw>
<kw name="Error Icons Are Displayed">
<kw name="Page Should Contain Element" library="SeleniumLibrary">
<arg>${ERROR_ICON1}</arg>
<doc>Verifies that element ``locator`` is found on the current page.</doc>
<msg timestamp="20211213 20:11:33.185" level="INFO">Current page contains element 'css:.form_group:nth-child(1) &gt; .svg-inline--fa'.</msg>
<status status="PASS" starttime="20211213 20:11:33.162" endtime="20211213 20:11:33.185"/>
</kw>
<kw name="Page Should Contain Element" library="SeleniumLibrary">
<arg>${ERROR_ICON2}</arg>
<doc>Verifies that element ``locator`` is found on the current page.</doc>
<msg timestamp="20211213 20:11:33.208" level="INFO">Current page contains element 'css:.form_group:nth-child(2) &gt; .svg-inline--fa'.</msg>
<status status="PASS" starttime="20211213 20:11:33.185" endtime="20211213 20:11:33.208"/>
</kw>
<status status="PASS" starttime="20211213 20:11:33.162" endtime="20211213 20:11:33.208"/>
</kw>
<status status="PASS" starttime="20211213 20:11:32.572" endtime="20211213 20:11:33.208"/>
</kw>
<status status="PASS" starttime="20211213 20:11:32.347" endtime="20211213 20:11:33.209"/>
</test>
<kw name="Close Browser" library="SeleniumLibrary" type="TEARDOWN">
<doc>Closes the current browser.</doc>
<status status="PASS" starttime="20211213 20:11:33.212" endtime="20211213 20:11:35.559"/>
</kw>
<status status="PASS" starttime="20211213 20:11:29.246" endtime="20211213 20:11:35.559"/>
</suite>
<suite id="s1-s3" name="Valid Login" source="C:\Users\User\Documents\RobotFramework\stsweng-selenium-robot-practice\tests\valid_login.robot">
<kw name="Open Browser To Login Page" library="resource" type="SETUP">
<kw name="Open Browser" library="SeleniumLibrary">
<arg>${LOGIN URL}</arg>
<arg>${BROWSER}</arg>
<doc>Opens a new browser instance to the optional ``url``.</doc>
<msg timestamp="20211213 20:11:35.573" level="INFO">Opening browser 'Chrome' to base url 'https://www.saucedemo.com/'.</msg>
<status status="PASS" starttime="20211213 20:11:35.573" endtime="20211213 20:11:38.443"/>
</kw>
<kw name="Maximize Browser Window" library="SeleniumLibrary">
<doc>Maximizes current browser window.</doc>
<status status="PASS" starttime="20211213 20:11:38.443" endtime="20211213 20:11:38.580"/>
</kw>
<kw name="Set Selenium Speed" library="SeleniumLibrary">
<arg>${DELAY}</arg>
<doc>Sets the delay that is waited after each Selenium command.</doc>
<status status="PASS" starttime="20211213 20:11:38.581" endtime="20211213 20:11:38.583"/>
</kw>
<kw name="Login Page Should Be Open" library="resource">
<kw name="Location Should Be" library="SeleniumLibrary">
<arg>${LOGIN URL}</arg>
<doc>Verifies that the current URL is exactly ``url``.</doc>
<msg timestamp="20211213 20:11:38.610" level="INFO">Current location is 'https://www.saucedemo.com/'.</msg>
<status status="PASS" starttime="20211213 20:11:38.585" endtime="20211213 20:11:38.611"/>
</kw>
<status status="PASS" starttime="20211213 20:11:38.584" endtime="20211213 20:11:38.611"/>
</kw>
<status status="PASS" starttime="20211213 20:11:35.572" endtime="20211213 20:11:38.612"/>
</kw>
<test id="s1-s3-t1" name="Valid Credentials">
<kw name="Go To Login Page" library="resource" type="SETUP">
<kw name="Go To" library="SeleniumLibrary">
<arg>${LOGIN URL}</arg>
<doc>Navigates the current browser window to the provided ``url``.</doc>
<msg timestamp="20211213 20:11:38.618" level="INFO">Opening url 'https://www.saucedemo.com/'</msg>
<status status="PASS" starttime="20211213 20:11:38.617" endtime="20211213 20:11:38.791"/>
</kw>
<kw name="Login Page Should Be Open" library="resource">
<kw name="Location Should Be" library="SeleniumLibrary">
<arg>${LOGIN URL}</arg>
<doc>Verifies that the current URL is exactly ``url``.</doc>
<msg timestamp="20211213 20:11:38.809" level="INFO">Current location is 'https://www.saucedemo.com/'.</msg>
<status status="PASS" starttime="20211213 20:11:38.792" endtime="20211213 20:11:38.809"/>
</kw>
<status status="PASS" starttime="20211213 20:11:38.792" endtime="20211213 20:11:38.809"/>
</kw>
<status status="PASS" starttime="20211213 20:11:38.616" endtime="20211213 20:11:38.810"/>
</kw>
<kw name="Login With Valid Credentials Should Pass">
<arg>standard_user</arg>
<arg>secret_sauce</arg>
<kw name="Input Username" library="resource">
<arg>${username}</arg>
<kw name="Input Text" library="SeleniumLibrary">
<arg>user-name</arg>
<arg>${username}</arg>
<doc>Types the given ``text`` into the text field identified by ``locator``.</doc>
<msg timestamp="20211213 20:11:38.814" level="INFO">Typing text 'standard_user' into text field 'user-name'.</msg>
<status status="PASS" starttime="20211213 20:11:38.813" endtime="20211213 20:11:39.024"/>
</kw>
<status status="PASS" starttime="20211213 20:11:38.812" endtime="20211213 20:11:39.024"/>
</kw>
<kw name="Input Password" library="resource">
<arg>${password}</arg>
<kw name="Input Text" library="SeleniumLibrary">
<arg>password</arg>
<arg>${password}</arg>
<doc>Types the given ``text`` into the text field identified by ``locator``.</doc>
<msg timestamp="20211213 20:11:39.025" level="INFO">Typing text 'secret_sauce' into text field 'password'.</msg>
<status status="PASS" starttime="20211213 20:11:39.025" endtime="20211213 20:11:39.171"/>
</kw>
<status status="PASS" starttime="20211213 20:11:39.024" endtime="20211213 20:11:39.171"/>
</kw>
<kw name="Submit Credentials" library="resource">
<kw name="Click Button" library="SeleniumLibrary">
<arg>login-button</arg>
<doc>Clicks the button identified by ``locator``.</doc>
<msg timestamp="20211213 20:11:39.172" level="INFO">Clicking button 'login-button'.</msg>
<status status="PASS" starttime="20211213 20:11:39.172" endtime="20211213 20:11:39.354"/>
</kw>
<status status="PASS" starttime="20211213 20:11:39.171" endtime="20211213 20:11:39.354"/>
</kw>
<kw name="Inventory Page Should Be Open" library="resource">
<kw name="Location Should Be" library="SeleniumLibrary">
<arg>${INVENTORY URL}</arg>
<doc>Verifies that the current URL is exactly ``url``.</doc>
<msg timestamp="20211213 20:11:39.371" level="INFO">Current location is 'https://www.saucedemo.com/inventory.html'.</msg>
<status status="PASS" starttime="20211213 20:11:39.355" endtime="20211213 20:11:39.371"/>
</kw>
<status status="PASS" starttime="20211213 20:11:39.354" endtime="20211213 20:11:39.372"/>
</kw>
<kw name="Inventory Page Is Correct">
<kw name="Page Should Contain Image" library="SeleniumLibrary">
<arg>${IMG_SRC}</arg>
<doc>Verifies image identified by ``locator`` is found from current page.</doc>
<msg timestamp="20211213 20:11:39.422" level="INFO">Current page contains image '/static/media/sauce-backpack-1200x1500.34e7aa42.jpg'.</msg>
<status status="PASS" starttime="20211213 20:11:39.372" endtime="20211213 20:11:39.422"/>
</kw>
<status status="PASS" starttime="20211213 20:11:39.372" endtime="20211213 20:11:39.422"/>
</kw>
<status status="PASS" starttime="20211213 20:11:38.810" endtime="20211213 20:11:39.423"/>
</kw>
<status status="PASS" starttime="20211213 20:11:38.613" endtime="20211213 20:11:39.424"/>
</test>
<kw name="Close Browser" library="SeleniumLibrary" type="TEARDOWN">
<doc>Closes the current browser.</doc>
<status status="PASS" starttime="20211213 20:11:39.427" endtime="20211213 20:11:41.748"/>
</kw>
<status status="PASS" starttime="20211213 20:11:35.563" endtime="20211213 20:11:41.748"/>
</suite>
<status status="PASS" starttime="20211213 20:11:22.526" endtime="20211213 20:11:41.753"/>
</suite>
<statistics>
<total>
<stat pass="3" fail="0" skip="0">All Tests</stat>
</total>
<tag>
</tag>
<suite>
<stat pass="3" fail="0" skip="0" id="s1" name="Tests">Tests</stat>
<stat pass="1" fail="0" skip="0" id="s1-s1" name="Invalid Login">Tests.Invalid Login</stat>
<stat pass="1" fail="0" skip="0" id="s1-s2" name="Locked Out User">Tests.Locked Out User</stat>
<stat pass="1" fail="0" skip="0" id="s1-s3" name="Valid Login">Tests.Valid Login</stat>
</suite>
</statistics>
<errors>
</errors>
</robot>
