<?xml version="1.0" encoding="UTF-8"?>
<robot generator="Robot 4.1.2 (Python 3.8.5 on win32)" generated="20211213 20:04:13.951" rpa="false" schemaversion="2">
<suite id="s1" name="Tests" source="C:\Users\User\Documents\RobotFramework\stsweng-selenium-robot-practice\tests">
<suite id="s1-s1" name="Locked Out User" source="C:\Users\User\Documents\RobotFramework\stsweng-selenium-robot-practice\tests\locked_out_user.robot">
<kw name="Open Browser To Login Page" library="resource" type="SETUP">
<kw name="Open Browser" library="SeleniumLibrary">
<arg>${LOGIN URL}</arg>
<arg>${BROWSER}</arg>
<doc>Opens a new browser instance to the optional ``url``.</doc>
<msg timestamp="20211213 20:04:14.392" level="INFO">Opening browser 'Chrome' to base url 'https://www.saucedemo.com/'.</msg>
<status status="PASS" starttime="20211213 20:04:14.391" endtime="20211213 20:04:18.397"/>
</kw>
<kw name="Maximize Browser Window" library="SeleniumLibrary">
<doc>Maximizes current browser window.</doc>
<status status="PASS" starttime="20211213 20:04:18.397" endtime="20211213 20:04:18.539"/>
</kw>
<kw name="Set Selenium Speed" library="SeleniumLibrary">
<arg>${DELAY}</arg>
<doc>Sets the delay that is waited after each Selenium command.</doc>
<status status="PASS" starttime="20211213 20:04:18.540" endtime="20211213 20:04:18.541"/>
</kw>
<kw name="Login Page Should Be Open" library="resource">
<kw name="Location Should Be" library="SeleniumLibrary">
<arg>${LOGIN URL}</arg>
<doc>Verifies that the current URL is exactly ``url``.</doc>
<msg timestamp="20211213 20:04:18.567" level="INFO">Current location is 'https://www.saucedemo.com/'.</msg>
<status status="PASS" starttime="20211213 20:04:18.542" endtime="20211213 20:04:18.567"/>
</kw>
<status status="PASS" starttime="20211213 20:04:18.541" endtime="20211213 20:04:18.568"/>
</kw>
<status status="PASS" starttime="20211213 20:04:14.391" endtime="20211213 20:04:18.568"/>
</kw>
<test id="s1-s1-t1" name="Locked Out User">
<kw name="Go To Login Page" library="resource" type="SETUP">
<kw name="Go To" library="SeleniumLibrary">
<arg>${LOGIN URL}</arg>
<doc>Navigates the current browser window to the provided ``url``.</doc>
<msg timestamp="20211213 20:04:18.570" level="INFO">Opening url 'https://www.saucedemo.com/'</msg>
<status status="PASS" starttime="20211213 20:04:18.570" endtime="20211213 20:04:18.870"/>
</kw>
<kw name="Login Page Should Be Open" library="resource">
<kw name="Location Should Be" library="SeleniumLibrary">
<arg>${LOGIN URL}</arg>
<doc>Verifies that the current URL is exactly ``url``.</doc>
<msg timestamp="20211213 20:04:18.889" level="INFO">Current location is 'https://www.saucedemo.com/'.</msg>
<status status="PASS" starttime="20211213 20:04:18.872" endtime="20211213 20:04:18.889"/>
</kw>
<status status="PASS" starttime="20211213 20:04:18.871" endtime="20211213 20:04:18.889"/>
</kw>
<status status="PASS" starttime="20211213 20:04:18.569" endtime="20211213 20:04:18.890"/>
</kw>
<kw name="Login With Locked Out User Should Fail">
<arg>locked_out_user</arg>
<arg>secret_sauce</arg>
<kw name="Input Username" library="resource">
<arg>${username}</arg>
<kw name="Input Text" library="SeleniumLibrary">
<arg>user-name</arg>
<arg>${username}</arg>
<doc>Types the given ``text`` into the text field identified by ``locator``.</doc>
<msg timestamp="20211213 20:04:18.892" level="INFO">Typing text 'locked_out_user' into text field 'user-name'.</msg>
<status status="PASS" starttime="20211213 20:04:18.892" endtime="20211213 20:04:19.136"/>
</kw>
<status status="PASS" starttime="20211213 20:04:18.891" endtime="20211213 20:04:19.137"/>
</kw>
<kw name="Input Password" library="resource">
<arg>${password}</arg>
<kw name="Input Text" library="SeleniumLibrary">
<arg>password</arg>
<arg>${password}</arg>
<doc>Types the given ``text`` into the text field identified by ``locator``.</doc>
<msg timestamp="20211213 20:04:19.138" level="INFO">Typing text 'secret_sauce' into text field 'password'.</msg>
<status status="PASS" starttime="20211213 20:04:19.137" endtime="20211213 20:04:19.355"/>
</kw>
<status status="PASS" starttime="20211213 20:04:19.137" endtime="20211213 20:04:19.356"/>
</kw>
<kw name="Submit Credentials" library="resource">
<kw name="Click Button" library="SeleniumLibrary">
<arg>login-button</arg>
<doc>Clicks the button identified by ``locator``.</doc>
<msg timestamp="20211213 20:04:19.357" level="INFO">Clicking button 'login-button'.</msg>
<status status="PASS" starttime="20211213 20:04:19.356" endtime="20211213 20:04:19.505"/>
</kw>
<status status="PASS" starttime="20211213 20:04:19.356" endtime="20211213 20:04:19.506"/>
</kw>
<kw name="Error Message Is Displayed">
<kw name="Page Should Contain Element" library="SeleniumLibrary">
<arg>${ERROR}</arg>
<doc>Verifies that element ``locator`` is found on the current page.</doc>
<msg timestamp="20211213 20:04:19.532" level="INFO">Current page contains element 'css:*[data-test="error"]'.</msg>
<status status="PASS" starttime="20211213 20:04:19.506" endtime="20211213 20:04:19.532"/>
</kw>
<kw name="Element Text Should Be" library="SeleniumLibrary">
<arg>${ERROR}</arg>
<arg>Epic sadface: Sorry, this user has been locked out.</arg>
<doc>Verifies that element ``locator`` contains exact the text ``expected``.</doc>
<msg timestamp="20211213 20:04:19.533" level="INFO">Verifying element 'css:*[data-test="error"]' contains exact text 'Epic sadface: Sorry, this user has been locked out.'.</msg>
<status status="PASS" starttime="20211213 20:04:19.532" endtime="20211213 20:04:19.594"/>
</kw>
<status status="PASS" starttime="20211213 20:04:19.506" endtime="20211213 20:04:19.594"/>
</kw>
<kw name="Error Icons Are Displayed">
<kw name="Page Should Contain Element" library="SeleniumLibrary">
<arg>${ERROR_ICON1}</arg>
<doc>Verifies that element ``locator`` is found on the current page.</doc>
<msg timestamp="20211213 20:04:19.620" level="INFO">Current page contains element 'css:.form_group:nth-child(1) &gt; .svg-inline--fa'.</msg>
<status status="PASS" starttime="20211213 20:04:19.595" endtime="20211213 20:04:19.620"/>
</kw>
<kw name="Page Should Contain Element" library="SeleniumLibrary">
<arg>${ERROR_ICON2}</arg>
<doc>Verifies that element ``locator`` is found on the current page.</doc>
<msg timestamp="20211213 20:04:19.644" level="INFO">Current page contains element 'css:.form_group:nth-child(2) &gt; .svg-inline--fa'.</msg>
<status status="PASS" starttime="20211213 20:04:19.620" endtime="20211213 20:04:19.644"/>
</kw>
<status status="PASS" starttime="20211213 20:04:19.595" endtime="20211213 20:04:19.645"/>
</kw>
<status status="PASS" starttime="20211213 20:04:18.890" endtime="20211213 20:04:19.645"/>
</kw>
<status status="PASS" starttime="20211213 20:04:18.568" endtime="20211213 20:04:19.646"/>
</test>
<kw name="Close Browser" library="SeleniumLibrary" type="TEARDOWN">
<doc>Closes the current browser.</doc>
<status status="PASS" starttime="20211213 20:04:19.649" endtime="20211213 20:04:22.004"/>
</kw>
<status status="PASS" starttime="20211213 20:04:14.002" endtime="20211213 20:04:22.004"/>
</suite>
<suite id="s1-s2" name="Valid Login" source="C:\Users\User\Documents\RobotFramework\stsweng-selenium-robot-practice\tests\valid_login.robot">
<kw name="Open Browser To Login Page" library="resource" type="SETUP">
<kw name="Open Browser" library="SeleniumLibrary">
<arg>${LOGIN URL}</arg>
<arg>${BROWSER}</arg>
<doc>Opens a new browser instance to the optional ``url``.</doc>
<msg timestamp="20211213 20:04:22.019" level="INFO">Opening browser 'Chrome' to base url 'https://www.saucedemo.com/'.</msg>
<status status="PASS" starttime="20211213 20:04:22.018" endtime="20211213 20:04:25.826"/>
</kw>
<kw name="Maximize Browser Window" library="SeleniumLibrary">
<doc>Maximizes current browser window.</doc>
<status status="PASS" starttime="20211213 20:04:25.826" endtime="20211213 20:04:25.959"/>
</kw>
<kw name="Set Selenium Speed" library="SeleniumLibrary">
<arg>${DELAY}</arg>
<doc>Sets the delay that is waited after each Selenium command.</doc>
<status status="PASS" starttime="20211213 20:04:25.959" endtime="20211213 20:04:25.960"/>
</kw>
<kw name="Login Page Should Be Open" library="resource">
<kw name="Location Should Be" library="SeleniumLibrary">
<arg>${LOGIN URL}</arg>
<doc>Verifies that the current URL is exactly ``url``.</doc>
<msg timestamp="20211213 20:04:25.987" level="INFO">Current location is 'https://www.saucedemo.com/'.</msg>
<status status="PASS" starttime="20211213 20:04:25.961" endtime="20211213 20:04:25.987"/>
</kw>
<status status="PASS" starttime="20211213 20:04:25.960" endtime="20211213 20:04:25.988"/>
</kw>
<status status="PASS" starttime="20211213 20:04:22.018" endtime="20211213 20:04:25.988"/>
</kw>
<test id="s1-s2-t1" name="Valid Credentials">
<kw name="Go To Login Page" library="resource" type="SETUP">
<kw name="Go To" library="SeleniumLibrary">
<arg>${LOGIN URL}</arg>
<doc>Navigates the current browser window to the provided ``url``.</doc>
<msg timestamp="20211213 20:04:25.993" level="INFO">Opening url 'https://www.saucedemo.com/'</msg>
<status status="PASS" starttime="20211213 20:04:25.992" endtime="20211213 20:04:26.304"/>
</kw>
<kw name="Login Page Should Be Open" library="resource">
<kw name="Location Should Be" library="SeleniumLibrary">
<arg>${LOGIN URL}</arg>
<doc>Verifies that the current URL is exactly ``url``.</doc>
<msg timestamp="20211213 20:04:26.323" level="INFO">Current location is 'https://www.saucedemo.com/'.</msg>
<status status="PASS" starttime="20211213 20:04:26.306" endtime="20211213 20:04:26.323"/>
</kw>
<status status="PASS" starttime="20211213 20:04:26.305" endtime="20211213 20:04:26.323"/>
</kw>
<status status="PASS" starttime="20211213 20:04:25.991" endtime="20211213 20:04:26.323"/>
</kw>
<kw name="Login With Valid Credentials Should Pass">
<arg>standard_user</arg>
<arg>secret_sauce</arg>
<kw name="Input Username" library="resource">
<arg>${username}</arg>
<kw name="Input Text" library="SeleniumLibrary">
<arg>user-name</arg>
<arg>${username}</arg>
<doc>Types the given ``text`` into the text field identified by ``locator``.</doc>
<msg timestamp="20211213 20:04:26.327" level="INFO">Typing text 'standard_user' into text field 'user-name'.</msg>
<status status="PASS" starttime="20211213 20:04:26.326" endtime="20211213 20:04:26.487"/>
</kw>
<status status="PASS" starttime="20211213 20:04:26.326" endtime="20211213 20:04:26.488"/>
</kw>
<kw name="Input Password" library="resource">
<arg>${password}</arg>
<kw name="Input Text" library="SeleniumLibrary">
<arg>password</arg>
<arg>${password}</arg>
<doc>Types the given ``text`` into the text field identified by ``locator``.</doc>
<msg timestamp="20211213 20:04:26.489" level="INFO">Typing text 'secret_sauce' into text field 'password'.</msg>
<status status="PASS" starttime="20211213 20:04:26.488" endtime="20211213 20:04:26.627"/>
</kw>
<status status="PASS" starttime="20211213 20:04:26.488" endtime="20211213 20:04:26.628"/>
</kw>
<kw name="Submit Credentials" library="resource">
<kw name="Click Button" library="SeleniumLibrary">
<arg>login-button</arg>
<doc>Clicks the button identified by ``locator``.</doc>
<msg timestamp="20211213 20:04:26.629" level="INFO">Clicking button 'login-button'.</msg>
<status status="PASS" starttime="20211213 20:04:26.628" endtime="20211213 20:04:26.796"/>
</kw>
<status status="PASS" starttime="20211213 20:04:26.628" endtime="20211213 20:04:26.796"/>
</kw>
<kw name="Inventory Page Should Be Open" library="resource">
<kw name="Location Should Be" library="SeleniumLibrary">
<arg>${INVENTORY URL}</arg>
<doc>Verifies that the current URL is exactly ``url``.</doc>
<msg timestamp="20211213 20:04:26.813" level="INFO">Current location is 'https://www.saucedemo.com/inventory.html'.</msg>
<status status="PASS" starttime="20211213 20:04:26.797" endtime="20211213 20:04:26.814"/>
</kw>
<status status="PASS" starttime="20211213 20:04:26.796" endtime="20211213 20:04:26.814"/>
</kw>
<kw name="Inventory Page Is Correct">
<kw name="Page Should Contain Image" library="SeleniumLibrary">
<arg>${IMG_SRC}</arg>
<doc>Verifies image identified by ``locator`` is found from current page.</doc>
<msg timestamp="20211213 20:04:26.850" level="INFO">Current page contains image '/static/media/sauce-backpack-1200x1500.34e7aa42.jpg'.</msg>
<status status="PASS" starttime="20211213 20:04:26.815" endtime="20211213 20:04:26.851"/>
</kw>
<status status="PASS" starttime="20211213 20:04:26.814" endtime="20211213 20:04:26.851"/>
</kw>
<status status="PASS" starttime="20211213 20:04:26.324" endtime="20211213 20:04:26.851"/>
</kw>
<status status="PASS" starttime="20211213 20:04:25.988" endtime="20211213 20:04:26.852"/>
</test>
<kw name="Close Browser" library="SeleniumLibrary" type="TEARDOWN">
<doc>Closes the current browser.</doc>
<status status="PASS" starttime="20211213 20:04:26.855" endtime="20211213 20:04:29.179"/>
</kw>
<status status="PASS" starttime="20211213 20:04:22.009" endtime="20211213 20:04:29.180"/>
</suite>
<status status="PASS" starttime="20211213 20:04:13.954" endtime="20211213 20:04:29.184"/>
</suite>
<statistics>
<total>
<stat pass="2" fail="0" skip="0">All Tests</stat>
</total>
<tag>
</tag>
<suite>
<stat pass="2" fail="0" skip="0" id="s1" name="Tests">Tests</stat>
<stat pass="1" fail="0" skip="0" id="s1-s1" name="Locked Out User">Tests.Locked Out User</stat>
<stat pass="1" fail="0" skip="0" id="s1-s2" name="Valid Login">Tests.Valid Login</stat>
</suite>
</statistics>
<errors>
</errors>
</robot>
